# JRE version: OpenJDK Runtime Environment (8.0_112-b06) (build 1.8.0_112-release-b06)
# Java VM: OpenJDK 64-Bit Server VM (25.112-b06 mixed mode linux-amd64 compressed oops)
Heap:
 PSYoungGen      total 156160K, used 0K [0x00000000f5580000, 0x0000000100000000, 0x0000000100000000)
  eden space 137728K, 0% used [0x00000000f5580000,0x00000000f5580000,0x00000000fdc00000)
  from space 18432K, 0% used [0x00000000fdc00000,0x00000000fdc00000,0x00000000fee00000)
  to   space 18432K, 0% used [0x00000000fee00000,0x00000000fee00000,0x0000000100000000)
 ParOldGen       total 61952K, used 53439K [0x00000000e0000000, 0x00000000e3c80000, 0x00000000f5580000)
  object space 61952K, 86% used [0x00000000e0000000,0x00000000e342fc00,0x00000000e3c80000)
 Metaspace       used 57324K, capacity 58908K, committed 59028K, reserved 1099776K
  class space    used 7708K, capacity 8128K, committed 8192K, reserved 1048576K
GC Heap History (10 events):
Event: 21.041 GC heap after
Heap after GC invocations=9 (full 1):
 PSYoungGen      total 134144K, used 7875K [0x00000000f5580000, 0x0000000100000000, 0x0000000100000000)
  eden space 122368K, 0% used [0x00000000f5580000,0x00000000f5580000,0x00000000fcd00000)
  from space 11776K, 66% used [0x00000000fd900000,0x00000000fe0b0c10,0x00000000fe480000)
  to   space 12288K, 0% used [0x00000000fcd00000,0x00000000fcd00000,0x00000000fd900000)
 ParOldGen       total 45568K, used 12317K [0x00000000e0000000, 0x00000000e2c80000, 0x00000000f5580000)
  object space 45568K, 27% used [0x00000000e0000000,0x00000000e0c07428,0x00000000e2c80000)
 Metaspace       used 34832K, capacity 35344K, committed 35416K, reserved 1079296K
  class space    used 4669K, capacity 4860K, committed 4864K, reserved 1048576K
}
Event: 21.041 GC heap before
{Heap before GC invocations=10 (full 2):
 PSYoungGen      total 134144K, used 7875K [0x00000000f5580000, 0x0000000100000000, 0x0000000100000000)
  eden space 122368K, 0% used [0x00000000f5580000,0x00000000f5580000,0x00000000fcd00000)
  from space 11776K, 66% used [0x00000000fd900000,0x00000000fe0b0c10,0x00000000fe480000)
  to   space 12288K, 0% used [0x00000000fcd00000,0x00000000fcd00000,0x00000000fd900000)
 ParOldGen       total 45568K, used 12317K [0x00000000e0000000, 0x00000000e2c80000, 0x00000000f5580000)
  object space 45568K, 27% used [0x00000000e0000000,0x00000000e0c07428,0x00000000e2c80000)
 Metaspace       used 34832K, capacity 35344K, committed 35416K, reserved 1079296K
  class space    used 4669K, capacity 4860K, committed 4864K, reserved 1048576K
Event: 21.191 GC heap after
Heap after GC invocations=10 (full 2):
 PSYoungGen      total 134144K, used 0K [0x00000000f5580000, 0x0000000100000000, 0x0000000100000000)
  eden space 122368K, 0% used [0x00000000f5580000,0x00000000f5580000,0x00000000fcd00000)
  from space 11776K, 0% used [0x00000000fd900000,0x00000000fd900000,0x00000000fe480000)
  to   space 12288K, 0% used [0x00000000fcd00000,0x00000000fcd00000,0x00000000fd900000)
 ParOldGen       total 61952K, used 14491K [0x00000000e0000000, 0x00000000e3c80000, 0x00000000f5580000)
  object space 61952K, 23% used [0x00000000e0000000,0x00000000e0e26cf8,0x00000000e3c80000)
 Metaspace       used 34832K, capacity 35344K, committed 35416K, reserved 1079296K
  class space    used 4669K, capacity 4860K, committed 4864K, reserved 1048576K
}
Event: 26.917 GC heap before
{Heap before GC invocations=11 (full 2):
 PSYoungGen      total 134144K, used 122368K [0x00000000f5580000, 0x0000000100000000, 0x0000000100000000)
  eden space 122368K, 100% used [0x00000000f5580000,0x00000000fcd00000,0x00000000fcd00000)
  from space 11776K, 0% used [0x00000000fd900000,0x00000000fd900000,0x00000000fe480000)
  to   space 12288K, 0% used [0x00000000fcd00000,0x00000000fcd00000,0x00000000fd900000)
 ParOldGen       total 61952K, used 14491K [0x00000000e0000000, 0x00000000e3c80000, 0x00000000f5580000)
  object space 61952K, 23% used [0x00000000e0000000,0x00000000e0e26cf8,0x00000000e3c80000)
 Metaspace       used 41780K, capacity 42682K, committed 42880K, reserved 1085440K
  class space    used 5637K, capacity 5912K, committed 6016K, reserved 1048576K
Event: 26.942 GC heap after
Heap after GC invocations=11 (full 2):
 PSYoungGen      total 134656K, used 12142K [0x00000000f5580000, 0x0000000100000000, 0x0000000100000000)
  eden space 122368K, 0% used [0x00000000f5580000,0x00000000f5580000,0x00000000fcd00000)
  from space 12288K, 98% used [0x00000000fcd00000,0x00000000fd8db9a0,0x00000000fd900000)
  to   space 13824K, 0% used [0x00000000ff280000,0x00000000ff280000,0x0000000100000000)
 ParOldGen       total 61952K, used 14499K [0x00000000e0000000, 0x00000000e3c80000, 0x00000000f5580000)
  object space 61952K, 23% used [0x00000000e0000000,0x00000000e0e28cf8,0x00000000e3c80000)
 Metaspace       used 41780K, capacity 42682K, committed 42880K, reserved 1085440K
  class space    used 5637K, capacity 5912K, committed 6016K, reserved 1048576K
}
Event: 34.231 GC heap before
{Heap before GC invocations=12 (full 2):
 PSYoungGen      total 134656K, used 134510K [0x00000000f5580000, 0x0000000100000000, 0x0000000100000000)
  eden space 122368K, 100% used [0x00000000f5580000,0x00000000fcd00000,0x00000000fcd00000)
  from space 12288K, 98% used [0x00000000fcd00000,0x00000000fd8db9a0,0x00000000fd900000)
  to   space 13824K, 0% used [0x00000000ff280000,0x00000000ff280000,0x0000000100000000)
 ParOldGen       total 61952K, used 14499K [0x00000000e0000000, 0x00000000e3c80000, 0x00000000f5580000)
  object space 61952K, 23% used [0x00000000e0000000,0x00000000e0e28cf8,0x00000000e3c80000)
 Metaspace       used 49452K, capacity 50888K, committed 50944K, reserved 1093632K
  class space    used 6701K, capacity 7116K, committed 7168K, reserved 1048576K
Event: 34.285 GC heap after
Heap after GC invocations=12 (full 2):
 PSYoungGen      total 151552K, used 13812K [0x00000000f5580000, 0x0000000100000000, 0x0000000100000000)
  eden space 137728K, 0% used [0x00000000f5580000,0x00000000f5580000,0x00000000fdc00000)
  from space 13824K, 99% used [0x00000000ff280000,0x00000000ffffd070,0x0000000100000000)
  to   space 18432K, 0% used [0x00000000fdc00000,0x00000000fdc00000,0x00000000fee00000)
 ParOldGen       total 61952K, used 22422K [0x00000000e0000000, 0x00000000e3c80000, 0x00000000f5580000)
  object space 61952K, 36% used [0x00000000e0000000,0x00000000e15e5a40,0x00000000e3c80000)
 Metaspace       used 49452K, capacity 50888K, committed 50944K, reserved 1093632K
  class space    used 6701K, capacity 7116K, committed 7168K, reserved 1048576K
}
Event: 44.609 GC heap before
{Heap before GC invocations=13 (full 2):
 PSYoungGen      total 151552K, used 134898K [0x00000000f5580000, 0x0000000100000000, 0x0000000100000000)
  eden space 137728K, 87% used [0x00000000f5580000,0x00000000fcbbfa10,0x00000000fdc00000)
  from space 13824K, 99% used [0x00000000ff280000,0x00000000ffffd070,0x0000000100000000)
  to   space 18432K, 0% used [0x00000000fdc00000,0x00000000fdc00000,0x00000000fee00000)
 ParOldGen       total 61952K, used 22422K [0x00000000e0000000, 0x00000000e3c80000, 0x00000000f5580000)
  object space 61952K, 36% used [0x00000000e0000000,0x00000000e15e5a40,0x00000000e3c80000)
 Metaspace       used 57324K, capacity 58908K, committed 59028K, reserved 1099776K
  class space    used 7708K, capacity 8128K, committed 8192K, reserved 1048576K
Event: 44.691 GC heap after
Heap after GC invocations=13 (full 2):
 PSYoungGen      total 156160K, used 18400K [0x00000000f5580000, 0x0000000100000000, 0x0000000100000000)
  eden space 137728K, 0% used [0x00000000f5580000,0x00000000f5580000,0x00000000fdc00000)
  from space 18432K, 99% used [0x00000000fdc00000,0x00000000fedf8010,0x00000000fee00000)
  to   space 18432K, 0% used [0x00000000fee00000,0x00000000fee00000,0x0000000100000000)
 ParOldGen       total 61952K, used 37714K [0x00000000e0000000, 0x00000000e3c80000, 0x00000000f5580000)
  object space 61952K, 60% used [0x00000000e0000000,0x00000000e24d4880,0x00000000e3c80000)
 Metaspace       used 57324K, capacity 58908K, committed 59028K, reserved 1099776K
  class space    used 7708K, capacity 8128K, committed 8192K, reserved 1048576K
}
Event: 44.741 GC heap before
{Heap before GC invocations=14 (full 3):
 PSYoungGen      total 156160K, used 18400K [0x00000000f5580000, 0x0000000100000000, 0x0000000100000000)
  eden space 137728K, 0% used [0x00000000f5580000,0x00000000f5580000,0x00000000fdc00000)
  from space 18432K, 99% used [0x00000000fdc00000,0x00000000fedf8010,0x00000000fee00000)
  to   space 18432K, 0% used [0x00000000fee00000,0x00000000fee00000,0x0000000100000000)
 ParOldGen       total 61952K, used 37714K [0x00000000e0000000, 0x00000000e3c80000, 0x00000000f5580000)
  object space 61952K, 60% used [0x00000000e0000000,0x00000000e24d4880,0x00000000e3c80000)
 Metaspace       used 57324K, capacity 58908K, committed 59028K, reserved 1099776K
  class space    used 7708K, capacity 8128K, committed 8192K, reserved 1048576K

