# JRE version: Java(TM) SE Runtime Environment (8.0_20-b26) (build 1.8.0_20-b26)
# Java VM: Java HotSpot(TM) 64-Bit Server VM (25.20-b23 mixed mode windows-amd64 compressed oops)
Heap:
 PSYoungGen      total 279552K, used 35611K [0x00000000eab00000, 0x00000000ff380000, 0x0000000100000000)
  eden space 260608K, 13% used [0x00000000eab00000,0x00000000ecdc6c00,0x00000000fa980000)
  from space 18944K, 0% used [0x00000000fa980000,0x00000000fa980000,0x00000000fbc00000)
  to   space 19968K, 0% used [0x00000000fe000000,0x00000000fe000000,0x00000000ff380000)
 ParOldGen       total 104960K, used 61499K [0x00000000c0000000, 0x00000000c6680000, 0x00000000eab00000)
  object space 104960K, 58% used [0x00000000c0000000,0x00000000c3c0edb8,0x00000000c6680000)
 Metaspace       used 55848K, capacity 58308K, committed 58496K, reserved 1099776K
  class space    used 7585K, capacity 8255K, committed 8320K, reserved 1048576K
GC Heap History (10 events):
Event: 123.833 GC heap before
{Heap before GC invocations=20 (full 3):
 PSYoungGen      total 223232K, used 201728K [0x00000000eab00000, 0x00000000f9a00000, 0x0000000100000000)
  eden space 201728K, 100% used [0x00000000eab00000,0x00000000f7000000,0x00000000f7000000)
  from space 21504K, 0% used [0x00000000f8500000,0x00000000f8500000,0x00000000f9a00000)
  to   space 21504K, 0% used [0x00000000f7000000,0x00000000f7000000,0x00000000f8500000)
 ParOldGen       total 55808K, used 42636K [0x00000000c0000000, 0x00000000c3680000, 0x00000000eab00000)
  object space 55808K, 76% used [0x00000000c0000000,0x00000000c29a3388,0x00000000c3680000)
 Metaspace       used 48573K, capacity 50630K, committed 50688K, reserved 1093632K
  class space    used 6768K, capacity 7383K, committed 7424K, reserved 1048576K
Event: 123.858 GC heap after
Heap after GC invocations=20 (full 3):
 PSYoungGen      total 223232K, used 7762K [0x00000000eab00000, 0x00000000fda80000, 0x0000000100000000)
  eden space 201728K, 0% used [0x00000000eab00000,0x00000000eab00000,0x00000000f7000000)
  from space 21504K, 36% used [0x00000000f7000000,0x00000000f77948a8,0x00000000f8500000)
  to   space 19968K, 0% used [0x00000000fc700000,0x00000000fc700000,0x00000000fda80000)
 ParOldGen       total 55808K, used 42644K [0x00000000c0000000, 0x00000000c3680000, 0x00000000eab00000)
  object space 55808K, 76% used [0x00000000c0000000,0x00000000c29a5388,0x00000000c3680000)
 Metaspace       used 48573K, capacity 50630K, committed 50688K, reserved 1093632K
  class space    used 6768K, capacity 7383K, committed 7424K, reserved 1048576K
}
Event: 142.208 GC heap before
{Heap before GC invocations=21 (full 3):
 PSYoungGen      total 223232K, used 209490K [0x00000000eab00000, 0x00000000fda80000, 0x0000000100000000)
  eden space 201728K, 100% used [0x00000000eab00000,0x00000000f7000000,0x00000000f7000000)
  from space 21504K, 36% used [0x00000000f7000000,0x00000000f77948a8,0x00000000f8500000)
  to   space 19968K, 0% used [0x00000000fc700000,0x00000000fc700000,0x00000000fda80000)
 ParOldGen       total 55808K, used 42644K [0x00000000c0000000, 0x00000000c3680000, 0x00000000eab00000)
  object space 55808K, 76% used [0x00000000c0000000,0x00000000c29a5388,0x00000000c3680000)
 Metaspace       used 52406K, capacity 54706K, committed 54912K, reserved 1095680K
  class space    used 7301K, capacity 7983K, committed 8064K, reserved 1048576K
Event: 142.233 GC heap after
Heap after GC invocations=21 (full 3):
 PSYoungGen      total 250368K, used 7257K [0x00000000eab00000, 0x00000000fce80000, 0x0000000100000000)
  eden space 242688K, 0% used [0x00000000eab00000,0x00000000eab00000,0x00000000f9800000)
  from space 7680K, 94% used [0x00000000fc700000,0x00000000fce165b0,0x00000000fce80000)
  to   space 18944K, 0% used [0x00000000fa980000,0x00000000fa980000,0x00000000fbc00000)
 ParOldGen       total 55808K, used 47495K [0x00000000c0000000, 0x00000000c3680000, 0x00000000eab00000)
  object space 55808K, 85% used [0x00000000c0000000,0x00000000c2e61d10,0x00000000c3680000)
 Metaspace       used 52406K, capacity 54706K, committed 54912K, reserved 1095680K
  class space    used 7301K, capacity 7983K, committed 8064K, reserved 1048576K
}
Event: 142.233 GC heap before
{Heap before GC invocations=22 (full 4):
 PSYoungGen      total 250368K, used 7257K [0x00000000eab00000, 0x00000000fce80000, 0x0000000100000000)
  eden space 242688K, 0% used [0x00000000eab00000,0x00000000eab00000,0x00000000f9800000)
  from space 7680K, 94% used [0x00000000fc700000,0x00000000fce165b0,0x00000000fce80000)
  to   space 18944K, 0% used [0x00000000fa980000,0x00000000fa980000,0x00000000fbc00000)
 ParOldGen       total 55808K, used 47495K [0x00000000c0000000, 0x00000000c3680000, 0x00000000eab00000)
  object space 55808K, 85% used [0x00000000c0000000,0x00000000c2e61d10,0x00000000c3680000)
 Metaspace       used 52406K, capacity 54706K, committed 54912K, reserved 1095680K
  class space    used 7301K, capacity 7983K, committed 8064K, reserved 1048576K
Event: 142.934 GC heap after
Heap after GC invocations=22 (full 4):
 PSYoungGen      total 250368K, used 0K [0x00000000eab00000, 0x00000000fce80000, 0x0000000100000000)
  eden space 242688K, 0% used [0x00000000eab00000,0x00000000eab00000,0x00000000f9800000)
  from space 7680K, 0% used [0x00000000fc700000,0x00000000fc700000,0x00000000fce80000)
  to   space 18944K, 0% used [0x00000000fa980000,0x00000000fa980000,0x00000000fbc00000)
 ParOldGen       total 104960K, used 54128K [0x00000000c0000000, 0x00000000c6680000, 0x00000000eab00000)
  object space 104960K, 51% used [0x00000000c0000000,0x00000000c34dc280,0x00000000c6680000)
 Metaspace       used 52388K, capacity 54684K, committed 54912K, reserved 1095680K
  class space    used 7295K, capacity 7977K, committed 8064K, reserved 1048576K
}
Event: 148.514 GC heap before
{Heap before GC invocations=23 (full 4):
 PSYoungGen      total 250368K, used 79829K [0x00000000eab00000, 0x00000000fce80000, 0x0000000100000000)
  eden space 242688K, 32% used [0x00000000eab00000,0x00000000ef8f5448,0x00000000f9800000)
  from space 7680K, 0% used [0x00000000fc700000,0x00000000fc700000,0x00000000fce80000)
  to   space 18944K, 0% used [0x00000000fa980000,0x00000000fa980000,0x00000000fbc00000)
 ParOldGen       total 104960K, used 54128K [0x00000000c0000000, 0x00000000c6680000, 0x00000000eab00000)
  object space 104960K, 51% used [0x00000000c0000000,0x00000000c34dc280,0x00000000c6680000)
 Metaspace       used 55695K, capacity 58030K, committed 58240K, reserved 1099776K
  class space    used 7570K, capacity 8236K, committed 8320K, reserved 1048576K
Event: 148.576 GC heap after
Heap after GC invocations=23 (full 4):
 PSYoungGen      total 279552K, used 13526K [0x00000000eab00000, 0x00000000ff380000, 0x0000000100000000)
  eden space 260608K, 0% used [0x00000000eab00000,0x00000000eab00000,0x00000000fa980000)
  from space 18944K, 71% used [0x00000000fa980000,0x00000000fb6b5a18,0x00000000fbc00000)
  to   space 19968K, 0% used [0x00000000fe000000,0x00000000fe000000,0x00000000ff380000)
 ParOldGen       total 104960K, used 54136K [0x00000000c0000000, 0x00000000c6680000, 0x00000000eab00000)
  object space 104960K, 51% used [0x00000000c0000000,0x00000000c34de280,0x00000000c6680000)
 Metaspace       used 55695K, capacity 58030K, committed 58240K, reserved 1099776K
  class space    used 7570K, capacity 8236K, committed 8320K, reserved 1048576K
}
Event: 148.577 GC heap before
{Heap before GC invocations=24 (full 5):
 PSYoungGen      total 279552K, used 13526K [0x00000000eab00000, 0x00000000ff380000, 0x0000000100000000)
  eden space 260608K, 0% used [0x00000000eab00000,0x00000000eab00000,0x00000000fa980000)
  from space 18944K, 71% used [0x00000000fa980000,0x00000000fb6b5a18,0x00000000fbc00000)
  to   space 19968K, 0% used [0x00000000fe000000,0x00000000fe000000,0x00000000ff380000)
 ParOldGen       total 104960K, used 54136K [0x00000000c0000000, 0x00000000c6680000, 0x00000000eab00000)
  object space 104960K, 51% used [0x00000000c0000000,0x00000000c34de280,0x00000000c6680000)
 Metaspace       used 55695K, capacity 58030K, committed 58240K, reserved 1099776K
  class space    used 7570K, capacity 8236K, committed 8320K, reserved 1048576K
Event: 149.305 GC heap after
Heap after GC invocations=24 (full 5):
 PSYoungGen      total 279552K, used 0K [0x00000000eab00000, 0x00000000ff380000, 0x0000000100000000)
  eden space 260608K, 0% used [0x00000000eab00000,0x00000000eab00000,0x00000000fa980000)
  from space 18944K, 0% used [0x00000000fa980000,0x00000000fa980000,0x00000000fbc00000)
  to   space 19968K, 0% used [0x00000000fe000000,0x00000000fe000000,0x00000000ff380000)
 ParOldGen       total 104960K, used 61499K [0x00000000c0000000, 0x00000000c6680000, 0x00000000eab00000)
  object space 104960K, 58% used [0x00000000c0000000,0x00000000c3c0edb8,0x00000000c6680000)
 Metaspace       used 55695K, capacity 58030K, committed 58240K, reserved 1099776K
  class space    used 7570K, capacity 8236K, committed 8320K, reserved 1048576K
}

