# JRE version: Java(TM) SE Runtime Environment (8.0_20-b26) (build 1.8.0_20-b26)
# Java VM: Java HotSpot(TM) 64-Bit Server VM (25.20-b23 mixed mode windows-amd64 compressed oops)
Heap:
 PSYoungGen      total 169984K, used 94125K [0x00000000eab00000, 0x00000000f7380000, 0x0000000100000000)
  eden space 166400K, 56% used [0x00000000eab00000,0x00000000f06eb720,0x00000000f4d80000)
  from space 3584K, 0% used [0x00000000f4d80000,0x00000000f4d80000,0x00000000f5100000)
  to   space 19456K, 0% used [0x00000000f6080000,0x00000000f6080000,0x00000000f7380000)
 ParOldGen       total 100352K, used 50941K [0x00000000c0000000, 0x00000000c6200000, 0x00000000eab00000)
  object space 100352K, 50% used [0x00000000c0000000,0x00000000c31bf588,0x00000000c6200000)
 Metaspace       used 52192K, capacity 54364K, committed 54528K, reserved 1095680K
  class space    used 7223K, capacity 7920K, committed 7936K, reserved 1048576K
GC Heap History (10 events):
Event: 64.678 GC heap before
{Heap before GC invocations=15 (full 2):
 PSYoungGen      total 133632K, used 118784K [0x00000000eab00000, 0x00000000f4e80000, 0x0000000100000000)
  eden space 118784K, 100% used [0x00000000eab00000,0x00000000f1f00000,0x00000000f1f00000)
  from space 14848K, 0% used [0x00000000f2d80000,0x00000000f2d80000,0x00000000f3c00000)
  to   space 14848K, 0% used [0x00000000f1f00000,0x00000000f1f00000,0x00000000f2d80000)
 ParOldGen       total 56832K, used 17638K [0x00000000c0000000, 0x00000000c3780000, 0x00000000eab00000)
  object space 56832K, 31% used [0x00000000c0000000,0x00000000c1139bd8,0x00000000c3780000)
 Metaspace       used 42888K, capacity 43894K, committed 44032K, reserved 1087488K
  class space    used 5826K, capacity 6097K, committed 6144K, reserved 1048576K
Event: 64.724 GC heap after
Heap after GC invocations=15 (full 2):
 PSYoungGen      total 133632K, used 14825K [0x00000000eab00000, 0x00000000f7280000, 0x0000000100000000)
  eden space 118784K, 0% used [0x00000000eab00000,0x00000000eab00000,0x00000000f1f00000)
  from space 14848K, 99% used [0x00000000f1f00000,0x00000000f2d7a410,0x00000000f2d80000)
  to   space 17920K, 0% used [0x00000000f6100000,0x00000000f6100000,0x00000000f7280000)
 ParOldGen       total 56832K, used 19940K [0x00000000c0000000, 0x00000000c3780000, 0x00000000eab00000)
  object space 56832K, 35% used [0x00000000c0000000,0x00000000c1379338,0x00000000c3780000)
 Metaspace       used 42888K, capacity 43894K, committed 44032K, reserved 1087488K
  class space    used 5826K, capacity 6097K, committed 6144K, reserved 1048576K
}
Event: 69.736 GC heap before
{Heap before GC invocations=16 (full 2):
 PSYoungGen      total 133632K, used 133609K [0x00000000eab00000, 0x00000000f7280000, 0x0000000100000000)
  eden space 118784K, 100% used [0x00000000eab00000,0x00000000f1f00000,0x00000000f1f00000)
  from space 14848K, 99% used [0x00000000f1f00000,0x00000000f2d7a410,0x00000000f2d80000)
  to   space 17920K, 0% used [0x00000000f6100000,0x00000000f6100000,0x00000000f7280000)
 ParOldGen       total 56832K, used 19940K [0x00000000c0000000, 0x00000000c3780000, 0x00000000eab00000)
  object space 56832K, 35% used [0x00000000c0000000,0x00000000c1379338,0x00000000c3780000)
 Metaspace       used 45708K, capacity 46770K, committed 46848K, reserved 1089536K
  class space    used 6292K, capacity 6605K, committed 6656K, reserved 1048576K
Event: 69.802 GC heap after
Heap after GC invocations=16 (full 2):
 PSYoungGen      total 184320K, used 14291K [0x00000000eab00000, 0x00000000f7480000, 0x0000000100000000)
  eden space 166400K, 0% used [0x00000000eab00000,0x00000000eab00000,0x00000000f4d80000)
  from space 17920K, 79% used [0x00000000f6100000,0x00000000f6ef4c20,0x00000000f7280000)
  to   space 19968K, 0% used [0x00000000f4d80000,0x00000000f4d80000,0x00000000f6100000)
 ParOldGen       total 56832K, used 31445K [0x00000000c0000000, 0x00000000c3780000, 0x00000000eab00000)
  object space 56832K, 55% used [0x00000000c0000000,0x00000000c1eb5558,0x00000000c3780000)
 Metaspace       used 45708K, capacity 46770K, committed 46848K, reserved 1089536K
  class space    used 6292K, capacity 6605K, committed 6656K, reserved 1048576K
}
Event: 73.235 GC heap before
{Heap before GC invocations=17 (full 2):
 PSYoungGen      total 184320K, used 50460K [0x00000000eab00000, 0x00000000f7480000, 0x0000000100000000)
  eden space 166400K, 21% used [0x00000000eab00000,0x00000000ece52540,0x00000000f4d80000)
  from space 17920K, 79% used [0x00000000f6100000,0x00000000f6ef4c20,0x00000000f7280000)
  to   space 19968K, 0% used [0x00000000f4d80000,0x00000000f4d80000,0x00000000f6100000)
 ParOldGen       total 56832K, used 31445K [0x00000000c0000000, 0x00000000c3780000, 0x00000000eab00000)
  object space 56832K, 55% used [0x00000000c0000000,0x00000000c1eb5558,0x00000000c3780000)
 Metaspace       used 47314K, capacity 48896K, committed 49152K, reserved 1091584K
  class space    used 6566K, capacity 7048K, committed 7168K, reserved 1048576K
Event: 73.296 GC heap after
Heap after GC invocations=17 (full 2):
 PSYoungGen      total 169984K, used 3562K [0x00000000eab00000, 0x00000000f7380000, 0x0000000100000000)
  eden space 166400K, 0% used [0x00000000eab00000,0x00000000eab00000,0x00000000f4d80000)
  from space 3584K, 99% used [0x00000000f4d80000,0x00000000f50fa828,0x00000000f5100000)
  to   space 19456K, 0% used [0x00000000f6080000,0x00000000f6080000,0x00000000f7380000)
 ParOldGen       total 56832K, used 44625K [0x00000000c0000000, 0x00000000c3780000, 0x00000000eab00000)
  object space 56832K, 78% used [0x00000000c0000000,0x00000000c2b946d8,0x00000000c3780000)
 Metaspace       used 47314K, capacity 48896K, committed 49152K, reserved 1091584K
  class space    used 6566K, capacity 7048K, committed 7168K, reserved 1048576K
}
Event: 73.296 GC heap before
{Heap before GC invocations=18 (full 3):
 PSYoungGen      total 169984K, used 3562K [0x00000000eab00000, 0x00000000f7380000, 0x0000000100000000)
  eden space 166400K, 0% used [0x00000000eab00000,0x00000000eab00000,0x00000000f4d80000)
  from space 3584K, 99% used [0x00000000f4d80000,0x00000000f50fa828,0x00000000f5100000)
  to   space 19456K, 0% used [0x00000000f6080000,0x00000000f6080000,0x00000000f7380000)
 ParOldGen       total 56832K, used 44625K [0x00000000c0000000, 0x00000000c3780000, 0x00000000eab00000)
  object space 56832K, 78% used [0x00000000c0000000,0x00000000c2b946d8,0x00000000c3780000)
 Metaspace       used 47314K, capacity 48896K, committed 49152K, reserved 1091584K
  class space    used 6566K, capacity 7048K, committed 7168K, reserved 1048576K
Event: 74.452 GC heap after
Heap after GC invocations=18 (full 3):
 PSYoungGen      total 169984K, used 0K [0x00000000eab00000, 0x00000000f7380000, 0x0000000100000000)
  eden space 166400K, 0% used [0x00000000eab00000,0x00000000eab00000,0x00000000f4d80000)
  from space 3584K, 0% used [0x00000000f4d80000,0x00000000f4d80000,0x00000000f5100000)
  to   space 19456K, 0% used [0x00000000f6080000,0x00000000f6080000,0x00000000f7380000)
 ParOldGen       total 56832K, used 44587K [0x00000000c0000000, 0x00000000c3780000, 0x00000000eab00000)
  object space 56832K, 78% used [0x00000000c0000000,0x00000000c2b8aea8,0x00000000c3780000)
 Metaspace       used 47314K, capacity 48896K, committed 49152K, reserved 1091584K
  class space    used 6566K, capacity 7048K, committed 7168K, reserved 1048576K
}
Event: 250.295 GC heap before
{Heap before GC invocations=19 (full 4):
 PSYoungGen      total 169984K, used 166400K [0x00000000eab00000, 0x00000000f7380000, 0x0000000100000000)
  eden space 166400K, 100% used [0x00000000eab00000,0x00000000f4d80000,0x00000000f4d80000)
  from space 3584K, 0% used [0x00000000f4d80000,0x00000000f4d80000,0x00000000f5100000)
  to   space 19456K, 0% used [0x00000000f6080000,0x00000000f6080000,0x00000000f7380000)
 ParOldGen       total 56832K, used 44587K [0x00000000c0000000, 0x00000000c3780000, 0x00000000eab00000)
  object space 56832K, 78% used [0x00000000c0000000,0x00000000c2b8aea8,0x00000000c3780000)
 Metaspace       used 51083K, capacity 53206K, committed 53376K, reserved 1095680K
  class space    used 7094K, capacity 7739K, committed 7808K, reserved 1048576K
Event: 250.484 GC heap after
Heap after GC invocations=19 (full 4):
 PSYoungGen      total 169984K, used 0K [0x00000000eab00000, 0x00000000f7380000, 0x0000000100000000)
  eden space 166400K, 0% used [0x00000000eab00000,0x00000000eab00000,0x00000000f4d80000)
  from space 3584K, 0% used [0x00000000f4d80000,0x00000000f4d80000,0x00000000f5100000)
  to   space 19456K, 0% used [0x00000000f6080000,0x00000000f6080000,0x00000000f7380000)
 ParOldGen       total 100352K, used 50941K [0x00000000c0000000, 0x00000000c6200000, 0x00000000eab00000)
  object space 100352K, 50% used [0x00000000c0000000,0x00000000c31bf588,0x00000000c6200000)
 Metaspace       used 51083K, capacity 53206K, committed 53376K, reserved 1095680K
  class space    used 7094K, capacity 7739K, committed 7808K, reserved 1048576K
}

