# JRE version: Java(TM) SE Runtime Environment (8.0_20-b26) (build 1.8.0_20-b26)
# Java VM: Java HotSpot(TM) 64-Bit Server VM (25.20-b23 mixed mode windows-amd64 compressed oops)
Heap:
 PSYoungGen      total 209920K, used 183166K [0x00000000eab00000, 0x00000000faf80000, 0x0000000100000000)
  eden space 191488K, 95% used [0x00000000eab00000,0x00000000f5ddf8f8,0x00000000f6600000)
  from space 18432K, 0% used [0x00000000f6600000,0x00000000f6600000,0x00000000f7800000)
  to   space 17408K, 0% used [0x00000000f9e80000,0x00000000f9e80000,0x00000000faf80000)
 ParOldGen       total 98816K, used 45941K [0x00000000c0000000, 0x00000000c6080000, 0x00000000eab00000)
  object space 98816K, 46% used [0x00000000c0000000,0x00000000c2cdd650,0x00000000c6080000)
 Metaspace       used 58481K, capacity 60638K, committed 61312K, reserved 1101824K
  class space    used 7843K, capacity 8477K, committed 8576K, reserved 1048576K
GC Heap History (10 events):
Event: 1124.672 GC heap before
{Heap before GC invocations=22 (full 3):
 PSYoungGen      total 182784K, used 163328K [0x00000000eab00000, 0x00000000f7180000, 0x0000000100000000)
  eden space 163328K, 100% used [0x00000000eab00000,0x00000000f4a80000,0x00000000f4a80000)
  from space 19456K, 0% used [0x00000000f5e80000,0x00000000f5e80000,0x00000000f7180000)
  to   space 19968K, 0% used [0x00000000f4a80000,0x00000000f4a80000,0x00000000f5e00000)
 ParOldGen       total 56320K, used 42810K [0x00000000c0000000, 0x00000000c3700000, 0x00000000eab00000)
  object space 56320K, 76% used [0x00000000c0000000,0x00000000c29cea60,0x00000000c3700000)
 Metaspace       used 48190K, capacity 50188K, committed 50304K, reserved 1091584K
  class space    used 6658K, capacity 7213K, committed 7296K, reserved 1048576K
Event: 1124.689 GC heap after
Heap after GC invocations=22 (full 3):
 PSYoungGen      total 183296K, used 7991K [0x00000000eab00000, 0x00000000f8f00000, 0x0000000100000000)
  eden space 163328K, 0% used [0x00000000eab00000,0x00000000eab00000,0x00000000f4a80000)
  from space 19968K, 40% used [0x00000000f4a80000,0x00000000f524ddf0,0x00000000f5e00000)
  to   space 18944K, 0% used [0x00000000f7c80000,0x00000000f7c80000,0x00000000f8f00000)
 ParOldGen       total 56320K, used 42818K [0x00000000c0000000, 0x00000000c3700000, 0x00000000eab00000)
  object space 56320K, 76% used [0x00000000c0000000,0x00000000c29d0a60,0x00000000c3700000)
 Metaspace       used 48190K, capacity 50188K, committed 50304K, reserved 1091584K
  class space    used 6658K, capacity 7213K, committed 7296K, reserved 1048576K
}
Event: 1147.714 GC heap before
{Heap before GC invocations=23 (full 3):
 PSYoungGen      total 183296K, used 171319K [0x00000000eab00000, 0x00000000f8f00000, 0x0000000100000000)
  eden space 163328K, 100% used [0x00000000eab00000,0x00000000f4a80000,0x00000000f4a80000)
  from space 19968K, 40% used [0x00000000f4a80000,0x00000000f524ddf0,0x00000000f5e00000)
  to   space 18944K, 0% used [0x00000000f7c80000,0x00000000f7c80000,0x00000000f8f00000)
 ParOldGen       total 56320K, used 42818K [0x00000000c0000000, 0x00000000c3700000, 0x00000000eab00000)
  object space 56320K, 76% used [0x00000000c0000000,0x00000000c29d0a60,0x00000000c3700000)
 Metaspace       used 52001K, capacity 54114K, committed 54400K, reserved 1095680K
  class space    used 7156K, capacity 7775K, committed 7808K, reserved 1048576K
Event: 1147.753 GC heap after
Heap after GC invocations=23 (full 3):
 PSYoungGen      total 205312K, used 7858K [0x00000000eab00000, 0x00000000f8a00000, 0x0000000100000000)
  eden space 191488K, 0% used [0x00000000eab00000,0x00000000eab00000,0x00000000f6600000)
  from space 13824K, 56% used [0x00000000f7c80000,0x00000000f842c8d0,0x00000000f8a00000)
  to   space 18432K, 0% used [0x00000000f6600000,0x00000000f6600000,0x00000000f7800000)
 ParOldGen       total 56320K, used 48798K [0x00000000c0000000, 0x00000000c3700000, 0x00000000eab00000)
  object space 56320K, 86% used [0x00000000c0000000,0x00000000c2fa7b20,0x00000000c3700000)
 Metaspace       used 52001K, capacity 54114K, committed 54400K, reserved 1095680K
  class space    used 7156K, capacity 7775K, committed 7808K, reserved 1048576K
}
Event: 1147.753 GC heap before
{Heap before GC invocations=24 (full 4):
 PSYoungGen      total 205312K, used 7858K [0x00000000eab00000, 0x00000000f8a00000, 0x0000000100000000)
  eden space 191488K, 0% used [0x00000000eab00000,0x00000000eab00000,0x00000000f6600000)
  from space 13824K, 56% used [0x00000000f7c80000,0x00000000f842c8d0,0x00000000f8a00000)
  to   space 18432K, 0% used [0x00000000f6600000,0x00000000f6600000,0x00000000f7800000)
 ParOldGen       total 56320K, used 48798K [0x00000000c0000000, 0x00000000c3700000, 0x00000000eab00000)
  object space 56320K, 86% used [0x00000000c0000000,0x00000000c2fa7b20,0x00000000c3700000)
 Metaspace       used 52001K, capacity 54114K, committed 54400K, reserved 1095680K
  class space    used 7156K, capacity 7775K, committed 7808K, reserved 1048576K
Event: 1148.336 GC heap after
Heap after GC invocations=24 (full 4):
 PSYoungGen      total 205312K, used 0K [0x00000000eab00000, 0x00000000f8a00000, 0x0000000100000000)
  eden space 191488K, 0% used [0x00000000eab00000,0x00000000eab00000,0x00000000f6600000)
  from space 13824K, 0% used [0x00000000f7c80000,0x00000000f7c80000,0x00000000f8a00000)
  to   space 18432K, 0% used [0x00000000f6600000,0x00000000f6600000,0x00000000f7800000)
 ParOldGen       total 98816K, used 46531K [0x00000000c0000000, 0x00000000c6080000, 0x00000000eab00000)
  object space 98816K, 47% used [0x00000000c0000000,0x00000000c2d70cc8,0x00000000c6080000)
 Metaspace       used 51050K, capacity 52674K, committed 54400K, reserved 1095680K
  class space    used 6958K, capacity 7433K, committed 7808K, reserved 1048576K
}
Event: 1164.689 GC heap before
{Heap before GC invocations=25 (full 4):
 PSYoungGen      total 205312K, used 135540K [0x00000000eab00000, 0x00000000f8a00000, 0x0000000100000000)
  eden space 191488K, 70% used [0x00000000eab00000,0x00000000f2f5d098,0x00000000f6600000)
  from space 13824K, 0% used [0x00000000f7c80000,0x00000000f7c80000,0x00000000f8a00000)
  to   space 18432K, 0% used [0x00000000f6600000,0x00000000f6600000,0x00000000f7800000)
 ParOldGen       total 98816K, used 46531K [0x00000000c0000000, 0x00000000c6080000, 0x00000000eab00000)
  object space 98816K, 47% used [0x00000000c0000000,0x00000000c2d70cc8,0x00000000c6080000)
 Metaspace       used 57832K, capacity 59774K, committed 60800K, reserved 1101824K
  class space    used 7772K, capacity 8345K, committed 8576K, reserved 1048576K
Event: 1164.709 GC heap after
Heap after GC invocations=25 (full 4):
 PSYoungGen      total 209920K, used 7246K [0x00000000eab00000, 0x00000000faf80000, 0x0000000100000000)
  eden space 191488K, 0% used [0x00000000eab00000,0x00000000eab00000,0x00000000f6600000)
  from space 18432K, 39% used [0x00000000f6600000,0x00000000f6d13a58,0x00000000f7800000)
  to   space 17408K, 0% used [0x00000000f9e80000,0x00000000f9e80000,0x00000000faf80000)
 ParOldGen       total 98816K, used 46547K [0x00000000c0000000, 0x00000000c6080000, 0x00000000eab00000)
  object space 98816K, 47% used [0x00000000c0000000,0x00000000c2d74cc8,0x00000000c6080000)
 Metaspace       used 57832K, capacity 59774K, committed 60800K, reserved 1101824K
  class space    used 7772K, capacity 8345K, committed 8576K, reserved 1048576K
}
Event: 1164.709 GC heap before
{Heap before GC invocations=26 (full 5):
 PSYoungGen      total 209920K, used 7246K [0x00000000eab00000, 0x00000000faf80000, 0x0000000100000000)
  eden space 191488K, 0% used [0x00000000eab00000,0x00000000eab00000,0x00000000f6600000)
  from space 18432K, 39% used [0x00000000f6600000,0x00000000f6d13a58,0x00000000f7800000)
  to   space 17408K, 0% used [0x00000000f9e80000,0x00000000f9e80000,0x00000000faf80000)
 ParOldGen       total 98816K, used 46547K [0x00000000c0000000, 0x00000000c6080000, 0x00000000eab00000)
  object space 98816K, 47% used [0x00000000c0000000,0x00000000c2d74cc8,0x00000000c6080000)
 Metaspace       used 57832K, capacity 59774K, committed 60800K, reserved 1101824K
  class space    used 7772K, capacity 8345K, committed 8576K, reserved 1048576K
Event: 1165.490 GC heap after
Heap after GC invocations=26 (full 5):
 PSYoungGen      total 209920K, used 0K [0x00000000eab00000, 0x00000000faf80000, 0x0000000100000000)
  eden space 191488K, 0% used [0x00000000eab00000,0x00000000eab00000,0x00000000f6600000)
  from space 18432K, 0% used [0x00000000f6600000,0x00000000f6600000,0x00000000f7800000)
  to   space 17408K, 0% used [0x00000000f9e80000,0x00000000f9e80000,0x00000000faf80000)
 ParOldGen       total 98816K, used 45941K [0x00000000c0000000, 0x00000000c6080000, 0x00000000eab00000)
  object space 98816K, 46% used [0x00000000c0000000,0x00000000c2cdd650,0x00000000c6080000)
 Metaspace       used 57832K, capacity 59774K, committed 60800K, reserved 1101824K
  class space    used 7772K, capacity 8345K, committed 8576K, reserved 1048576K
}

